<?xml version="1.0" encoding="UTF-8"?>
<!-- Generated by org.testng.reporters.JUnitReportReporter -->
<testsuite hostname="LAPTOP-7LQ2IVHJ" failures="0" tests="10" name="runner.WebApp" time="116.994" errors="0" timestamp="2022-01-17T19:12:07 IST" skipped="0">
  <testcase classname="runner.WebApp" name="test1" time="3.807"/>
  <system-out/>
  <testcase classname="runner.WebApp" name="test2" time="5.244"/>
  <system-out/>
  <testcase classname="runner.WebApp" name="test3" time="4.898"/>
  <system-out/>
  <testcase classname="runner.WebApp" name="test4" time="6.300"/>
  <system-out/>
  <testcase classname="runner.WebApp" name="test5" time="5.858"/>
  <system-out/>
  <testcase classname="runner.WebApp" name="test6" time="15.345"/>
  <system-out/>
  <testcase classname="runner.WebApp" name="test7" time="18.728"/>
  <system-out/>
  <testcase classname="runner.WebApp" name="test8" time="21.713"/>
  <system-out/>
  <testcase classname="runner.WebApp" name="test9" time="23.443"/>
  <system-out/>
  <testcase classname="runner.WebApp" name="test10" time="11.658"/>
  <system-out/>
</testsuite> <!-- runner.WebApp -->
